#
# There is insufficient memory for the Java Runtime Environment to continue.
# Native memory allocation (malloc) failed to allocate 1649312 bytes for Chunk::new
# Possible reasons:
#   The system is out of physical RAM or swap space
#   The process is running with CompressedOops enabled, and the Java Heap may be blocking the growth of the native heap
# Possible solutions:
#   Reduce memory load on the system
#   Increase physical memory or swap space
#   Check if swap backing store is full
#   Decrease Java heap size (-Xmx/-Xms)
#   Decrease number of Java threads
#   Decrease Java thread stack sizes (-Xss)
#   Set larger code cache with -XX:ReservedCodeCacheSize=
#   JVM is running with Zero Based Compressed Oops mode in which the Java heap is
#     placed in the first 32GB address space. The Java Heap base address is the
#     maximum limit for the native heap growth. Please use -XX:HeapBaseMinAddress
#     to set the Java Heap base and to place the Java Heap above 32GB virtual address.
# This output file may be truncated or incomplete.
#
#  Out of Memory Error (arena.cpp:189), pid=19504, tid=8488
#
# JRE version: OpenJDK Runtime Environment Temurin-17.0.5+8 (17.0.5+8) (build 17.0.5+8)
# Java VM: OpenJDK 64-Bit Server VM Temurin-17.0.5+8 (17.0.5+8, mixed mode, sharing, tiered, compressed oops, compressed class ptrs, g1 gc, windows-amd64)
# No core dump will be written. Minidumps are not enabled by default on client versions of Windows
#

---------------  S U M M A R Y ------------

Command Line: -XX:MaxMetaspaceSize=2G -XX:+HeapDumpOnOutOfMemoryError --add-opens=java.base/java.util=ALL-UNNAMED --add-opens=java.base/java.lang=ALL-UNNAMED --add-opens=java.base/java.lang.invoke=ALL-UNNAMED --add-opens=java.prefs/java.util.prefs=ALL-UNNAMED --add-opens=java.base/java.nio.charset=ALL-UNNAMED --add-opens=java.base/java.net=ALL-UNNAMED --add-opens=java.base/java.util.concurrent.atomic=ALL-UNNAMED -Xmx4G -Dfile.encoding=utf8 -Duser.country=IN -Duser.language=en -Duser.variant -javaagent:C:\Users\Vinit Tambe\.gradle\wrapper\dists\gradle-8.3-all\6en3ugtfdg5xnpx44z4qbwgas\gradle-8.3\lib\agents\gradle-instrumentation-agent-8.3.jar org.gradle.launcher.daemon.bootstrap.GradleDaemon 8.3

Host: 11th Gen Intel(R) Core(TM) i5-11320H @ 3.20GHz, 8 cores, 7G,  Windows 11 , 64 bit Build 22621 (10.0.22621.3958)
Time: Sat Sep 28 17:56:31 2024 India Standard Time elapsed time: 16.063015 seconds (0d 0h 0m 16s)

---------------  T H R E A D  ---------------

Current thread (0x000002162069c040):  JavaThread "C2 CompilerThread1" daemon [_thread_in_native, id=8488, stack(0x000000d749800000,0x000000d749900000)]


Current CompileTask:
C2:  16063 5921       4       org.gradle.internal.reflect.ClassInspector::inspectClass (179 bytes)

Stack: [0x000000d749800000,0x000000d749900000]
Native frames: (J=compiled Java code, j=interpreted, Vv=VM code, C=native code)
V  [jvm.dll+0x676b3a]
V  [jvm.dll+0x831444]
V  [jvm.dll+0x832bee]
V  [jvm.dll+0x833253]
V  [jvm.dll+0x244ce5]
V  [jvm.dll+0xabbac]
V  [jvm.dll+0xac17c]
V  [jvm.dll+0x362d57]
V  [jvm.dll+0x32d591]
V  [jvm.dll+0x32ca3a]
V  [jvm.dll+0x217b51]
V  [jvm.dll+0x216f71]
V  [jvm.dll+0x1a343d]
V  [jvm.dll+0x22698a]
V  [jvm.dll+0x224ac5]
V  [jvm.dll+0x7e727b]
V  [jvm.dll+0x7e17ea]
V  [jvm.dll+0x6759e5]
C  [ucrtbase.dll+0x29333]
C  [KERNEL32.DLL+0x1257d]
C  [ntdll.dll+0x5af28]


---------------  P R O C E S S  ---------------

Threads class SMR info:
_java_thread_list=0x0000021620ab8d50, length=47, elements={
0x00000216788178a0, 0x000002167ee3ea50, 0x000002167ee3f600, 0x000002167ee56290,
0x000002167ee56d50, 0x000002167ee5bb20, 0x000002167ee5d4e0, 0x000002167ee5e270,
0x000002167ee77630, 0x000002167f820090, 0x000002167f8eb430, 0x000002167f9abc40,
0x000002161e59d600, 0x000002161e59e940, 0x000002161e59dad0, 0x000002161e59cc60,
0x000002161e59dfa0, 0x000002161e59b450, 0x000002161e59b920, 0x000002161e59c2c0,
0x000002161e59e470, 0x000002161e59d130, 0x000002161e59af80, 0x000002161e59bdf0,
0x000002161e59c790, 0x0000021620113060, 0x0000021620113ed0, 0x00000216201143a0,
0x0000021620116080, 0x0000021620114870, 0x0000021620114d40, 0x0000021620115210,
0x0000021620116550, 0x00000216201156e0, 0x0000021620116a20, 0x0000021620118bd0,
0x0000021620118700, 0x0000021620119f10, 0x00000216201190a0, 0x0000021620119a40,
0x0000021620112b90, 0x0000021620113a00, 0x000002161ef7eb50, 0x000002161ef80d00,
0x000002161ef7c000, 0x000002161ef7f020, 0x000002162069c040
}

Java Threads: ( => current thread )
  0x00000216788178a0 JavaThread "main" [_thread_blocked, id=12888, stack(0x000000d745b00000,0x000000d745c00000)]
  0x000002167ee3ea50 JavaThread "Reference Handler" daemon [_thread_blocked, id=1608, stack(0x000000d746200000,0x000000d746300000)]
  0x000002167ee3f600 JavaThread "Finalizer" daemon [_thread_blocked, id=12824, stack(0x000000d746300000,0x000000d746400000)]
  0x000002167ee56290 JavaThread "Signal Dispatcher" daemon [_thread_blocked, id=13004, stack(0x000000d746400000,0x000000d746500000)]
  0x000002167ee56d50 JavaThread "Attach Listener" daemon [_thread_blocked, id=3132, stack(0x000000d746500000,0x000000d746600000)]
  0x000002167ee5bb20 JavaThread "Service Thread" daemon [_thread_blocked, id=2140, stack(0x000000d746600000,0x000000d746700000)]
  0x000002167ee5d4e0 JavaThread "Monitor Deflation Thread" daemon [_thread_blocked, id=18760, stack(0x000000d746700000,0x000000d746800000)]
  0x000002167ee5e270 JavaThread "C2 CompilerThread0" daemon [_thread_blocked, id=25096, stack(0x000000d746800000,0x000000d746900000)]
  0x000002167ee77630 JavaThread "C1 CompilerThread0" daemon [_thread_blocked, id=20156, stack(0x000000d746900000,0x000000d746a00000)]
  0x000002167f820090 JavaThread "Sweeper thread" daemon [_thread_blocked, id=22824, stack(0x000000d746a00000,0x000000d746b00000)]
  0x000002167f8eb430 JavaThread "Common-Cleaner" daemon [_thread_blocked, id=23672, stack(0x000000d746b00000,0x000000d746c00000)]
  0x000002167f9abc40 JavaThread "Notification Thread" daemon [_thread_blocked, id=9828, stack(0x000000d746c00000,0x000000d746d00000)]
  0x000002161e59d600 JavaThread "Daemon health stats" [_thread_blocked, id=23392, stack(0x000000d747300000,0x000000d747400000)]
  0x000002161e59e940 JavaThread "Incoming local TCP Connector on port 55800" [_thread_in_native, id=7720, stack(0x000000d746e00000,0x000000d746f00000)]
  0x000002161e59dad0 JavaThread "Daemon periodic checks" [_thread_blocked, id=9172, stack(0x000000d747400000,0x000000d747500000)]
  0x000002161e59cc60 JavaThread "Daemon" [_thread_blocked, id=13804, stack(0x000000d747500000,0x000000d747600000)]
  0x000002161e59dfa0 JavaThread "Handler for socket connection from /127.0.0.1:55800 to /127.0.0.1:55801" [_thread_in_native, id=22520, stack(0x000000d747600000,0x000000d747700000)]
  0x000002161e59b450 JavaThread "Cancel handler" [_thread_blocked, id=8212, stack(0x000000d747700000,0x000000d747800000)]
  0x000002161e59b920 JavaThread "Daemon worker" [_thread_in_vm, id=10708, stack(0x000000d747800000,0x000000d747900000)]
  0x000002161e59c2c0 JavaThread "Asynchronous log dispatcher for DefaultDaemonConnection: socket connection from /127.0.0.1:55800 to /127.0.0.1:55801" [_thread_blocked, id=22444, stack(0x000000d747900000,0x000000d747a00000)]
  0x000002161e59e470 JavaThread "Stdin handler" [_thread_blocked, id=21964, stack(0x000000d747a00000,0x000000d747b00000)]
  0x000002161e59d130 JavaThread "Daemon client event forwarder" [_thread_blocked, id=18000, stack(0x000000d747b00000,0x000000d747c00000)]
  0x000002161e59af80 JavaThread "Cache worker for journal cache (C:\Users\Vinit Tambe\.gradle\caches\journal-1)" [_thread_blocked, id=10884, stack(0x000000d747c00000,0x000000d747d00000)]
  0x000002161e59bdf0 JavaThread "File lock request listener" [_thread_in_native, id=23908, stack(0x000000d747d00000,0x000000d747e00000)]
  0x000002161e59c790 JavaThread "Cache worker for file hash cache (C:\Users\Vinit Tambe\.gradle\caches\8.3\fileHashes)" [_thread_blocked, id=24808, stack(0x000000d748100000,0x000000d748200000)]
  0x0000021620113060 JavaThread "File watcher server" daemon [_thread_in_native, id=21680, stack(0x000000d748300000,0x000000d748400000)]
  0x0000021620113ed0 JavaThread "File watcher consumer" daemon [_thread_blocked, id=20304, stack(0x000000d748400000,0x000000d748500000)]
  0x00000216201143a0 JavaThread "Cache worker for checksums cache (F:\flutter_blog_app\android\.gradle\8.3\checksums)" [_thread_blocked, id=15536, stack(0x000000d748200000,0x000000d748300000)]
  0x0000021620116080 JavaThread "Cache worker for file hash cache (F:\flutter_blog_app\android\.gradle\8.3\fileHashes)" [_thread_blocked, id=3112, stack(0x000000d748600000,0x000000d748700000)]
  0x0000021620114870 JavaThread "Cache worker for cache directory md-supplier (C:\Users\Vinit Tambe\.gradle\caches\8.3\md-supplier)" [_thread_blocked, id=21652, stack(0x000000d748700000,0x000000d748800000)]
  0x0000021620114d40 JavaThread "Cache worker for file content cache (C:\Users\Vinit Tambe\.gradle\caches\8.3\fileContent)" [_thread_blocked, id=23856, stack(0x000000d748800000,0x000000d748900000)]
  0x0000021620115210 JavaThread "Cache worker for cache directory md-rule (C:\Users\Vinit Tambe\.gradle\caches\8.3\md-rule)" [_thread_blocked, id=9096, stack(0x000000d748900000,0x000000d748a00000)]
  0x0000021620116550 JavaThread "Cache worker for execution history cache (C:\Users\Vinit Tambe\.gradle\caches\8.3\executionHistory)" [_thread_blocked, id=2032, stack(0x000000d748a00000,0x000000d748b00000)]
  0x00000216201156e0 JavaThread "jar transforms" [_thread_blocked, id=21220, stack(0x000000d748c00000,0x000000d748d00000)]
  0x0000021620116a20 JavaThread "jar transforms Thread 2" [_thread_blocked, id=12944, stack(0x000000d748d00000,0x000000d748e00000)]
  0x0000021620118bd0 JavaThread "jar transforms Thread 3" [_thread_blocked, id=25348, stack(0x000000d748b00000,0x000000d748c00000)]
  0x0000021620118700 JavaThread "Cache worker for kotlin-dsl (C:\Users\Vinit Tambe\.gradle\caches\8.3\kotlin-dsl)" [_thread_blocked, id=5152, stack(0x000000d748e00000,0x000000d748f00000)]
  0x0000021620119f10 JavaThread "jar transforms Thread 4" [_thread_blocked, id=18516, stack(0x000000d748f00000,0x000000d749000000)]
  0x00000216201190a0 JavaThread "jar transforms Thread 5" [_thread_blocked, id=23388, stack(0x000000d749000000,0x000000d749100000)]
  0x0000021620119a40 JavaThread "Cache worker for dependencies-accessors (F:\flutter_blog_app\android\.gradle\8.3\dependencies-accessors)" [_thread_blocked, id=9396, stack(0x000000d749100000,0x000000d749200000)]
  0x0000021620112b90 JavaThread "Cache worker for Build Output Cleanup Cache (C:\flutter\packages\flutter_tools\gradle\.gradle\buildOutputCleanup)" [_thread_blocked, id=23356, stack(0x000000d749400000,0x000000d749500000)]
  0x0000021620113a00 JavaThread "jar transforms Thread 6" [_thread_blocked, id=4200, stack(0x000000d749500000,0x000000d749600000)]
  0x000002161ef7eb50 JavaThread "jar transforms Thread 7" [_thread_blocked, id=21936, stack(0x000000d749600000,0x000000d749700000)]
  0x000002161ef80d00 JavaThread "File lock release action executor" [_thread_blocked, id=7096, stack(0x000000d749300000,0x000000d749400000)]
  0x000002161ef7c000 JavaThread "Memory manager" [_thread_blocked, id=17688, stack(0x000000d749700000,0x000000d749800000)]
  0x000002161ef7f020 JavaThread "jar transforms Thread 8" [_thread_blocked, id=7684, stack(0x000000d749200000,0x000000d749300000)]
=>0x000002162069c040 JavaThread "C2 CompilerThread1" daemon [_thread_in_native, id=8488, stack(0x000000d749800000,0x000000d749900000)]

Other Threads:
  0x000002167ee3bf20 VMThread "VM Thread" [stack: 0x000000d746100000,0x000000d746200000] [id=21384]
  0x00000216788a5700 WatcherThread [stack: 0x000000d746d00000,0x000000d746e00000] [id=6540]
  0x000002167675b010 GCTaskThread "GC Thread#0" [stack: 0x000000d745c00000,0x000000d745d00000] [id=3348]
  0x000002161ce5fcb0 GCTaskThread "GC Thread#1" [stack: 0x000000d746f00000,0x000000d747000000] [id=3016]
  0x000002161ccc3990 GCTaskThread "GC Thread#2" [stack: 0x000000d747000000,0x000000d747100000] [id=16312]
  0x000002161d2c2c90 GCTaskThread "GC Thread#3" [stack: 0x000000d747100000,0x000000d747200000] [id=6596]
  0x000002161d346710 GCTaskThread "GC Thread#4" [stack: 0x000000d747200000,0x000000d747300000] [id=9508]
  0x000002161e8d0f30 GCTaskThread "GC Thread#5" [stack: 0x000000d747e00000,0x000000d747f00000] [id=9284]
  0x000002161e7e1590 GCTaskThread "GC Thread#6" [stack: 0x000000d747f00000,0x000000d748000000] [id=20528]
  0x000002161d9da2e0 GCTaskThread "GC Thread#7" [stack: 0x000000d748000000,0x000000d748100000] [id=13572]
  0x00000216788961c0 ConcurrentGCThread "G1 Main Marker" [stack: 0x000000d745d00000,0x000000d745e00000] [id=11516]
  0x0000021678896bd0 ConcurrentGCThread "G1 Conc#0" [stack: 0x000000d745e00000,0x000000d745f00000] [id=6880]
  0x000002161edd2350 ConcurrentGCThread "G1 Conc#1" [stack: 0x000000d748500000,0x000000d748600000] [id=20912]
  0x000002167ecf64e0 ConcurrentGCThread "G1 Refine#0" [stack: 0x000000d745f00000,0x000000d746000000] [id=10964]
  0x000002167ecf6e10 ConcurrentGCThread "G1 Service" [stack: 0x000000d746000000,0x000000d746100000] [id=13752]

Threads with active compile tasks:
C2 CompilerThread1    16092 5921       4       org.gradle.internal.reflect.ClassInspector::inspectClass (179 bytes)

VM state: not at safepoint (normal execution)

VM Mutex/Monitor currently owned by a thread: None

Heap address: 0x0000000700000000, size: 4096 MB, Compressed Oops mode: Zero based, Oop shift amount: 3

CDS archive(s) mapped at: [0x0000000800000000-0x0000000800bc0000-0x0000000800bc0000), size 12320768, SharedBaseAddress: 0x0000000800000000, ArchiveRelocationMode: 0.
Compressed class space mapped at: 0x0000000800c00000-0x0000000840c00000, reserved size: 1073741824
Narrow klass base: 0x0000000800000000, Narrow klass shift: 0, Narrow klass range: 0x100000000

GC Precious Log:
 CPUs: 8 total, 8 available
 Memory: 7975M
 Large Page Support: Disabled
 NUMA Support: Disabled
 Compressed Oops: Enabled (Zero based)
 Heap Region Size: 2M
 Heap Min Capacity: 8M
 Heap Initial Capacity: 126M
 Heap Max Capacity: 4G
 Pre-touch: Disabled
 Parallel Workers: 8
 Concurrent Workers: 2
 Concurrent Refinement Workers: 8
 Periodic GC: Disabled

Heap:
 garbage-first heap   total 90112K, used 53986K [0x0000000700000000, 0x0000000800000000)
  region size 2048K, 10 young (20480K), 2 survivors (4096K)
 Metaspace       used 54803K, committed 55424K, reserved 1097728K
  class space    used 7818K, committed 8128K, reserved 1048576K

Heap Regions: E=young(eden), S=young(survivor), O=old, HS=humongous(starts), HC=humongous(continues), CS=collection set, F=free, OA=open archive, CA=closed archive, TAMS=top-at-mark-start (previous, next)
|   0|0x0000000700000000, 0x0000000700200000, 0x0000000700200000|100%|HS|  |TAMS 0x0000000700200000, 0x0000000700000000| Complete 
|   1|0x0000000700200000, 0x0000000700400000, 0x0000000700400000|100%|HC|  |TAMS 0x0000000700400000, 0x0000000700200000| Complete 
|   2|0x0000000700400000, 0x0000000700600000, 0x0000000700600000|100%| O|  |TAMS 0x0000000700600000, 0x0000000700400000| Untracked 
|   3|0x0000000700600000, 0x0000000700800000, 0x0000000700800000|100%| O|  |TAMS 0x0000000700800000, 0x0000000700600000| Untracked 
|   4|0x0000000700800000, 0x0000000700a00000, 0x0000000700a00000|100%| O|  |TAMS 0x0000000700a00000, 0x0000000700800000| Untracked 
|   5|0x0000000700a00000, 0x0000000700c00000, 0x0000000700c00000|100%| O|  |TAMS 0x0000000700c00000, 0x0000000700a00000| Untracked 
|   6|0x0000000700c00000, 0x0000000700e00000, 0x0000000700e00000|100%| O|  |TAMS 0x0000000700e00000, 0x0000000700c00000| Untracked 
|   7|0x0000000700e00000, 0x0000000701000000, 0x0000000701000000|100%| O|  |TAMS 0x0000000701000000, 0x0000000700e00000| Untracked 
|   8|0x0000000701000000, 0x0000000701200000, 0x0000000701200000|100%| O|  |TAMS 0x0000000701200000, 0x0000000701000000| Untracked 
|   9|0x0000000701200000, 0x0000000701400000, 0x0000000701400000|100%| O|  |TAMS 0x00000007013c3600, 0x0000000701200000| Untracked 
|  10|0x0000000701400000, 0x0000000701600000, 0x0000000701600000|100%| O|  |TAMS 0x0000000701600000, 0x0000000701400000| Untracked 
|  11|0x0000000701600000, 0x0000000701800000, 0x0000000701800000|100%| O|  |TAMS 0x0000000701800000, 0x0000000701600000| Untracked 
|  12|0x0000000701800000, 0x0000000701a00000, 0x0000000701a00000|100%| O|  |TAMS 0x0000000701a00000, 0x0000000701800000| Untracked 
|  13|0x0000000701a00000, 0x0000000701c00000, 0x0000000701c00000|100%| O|  |TAMS 0x0000000701c00000, 0x0000000701a00000| Untracked 
|  14|0x0000000701c00000, 0x0000000701e00000, 0x0000000701e00000|100%| O|  |TAMS 0x0000000701c00000, 0x0000000701c00000| Untracked 
|  15|0x0000000701e00000, 0x0000000702000000, 0x0000000702000000|100%| O|  |TAMS 0x0000000701e00000, 0x0000000701e00000| Untracked 
|  16|0x0000000702000000, 0x0000000702200000, 0x0000000702200000|100%| O|  |TAMS 0x0000000702000000, 0x0000000702000000| Untracked 
|  17|0x0000000702200000, 0x00000007022fe400, 0x0000000702400000| 49%| O|  |TAMS 0x0000000702200000, 0x0000000702200000| Untracked 
|  18|0x0000000702400000, 0x0000000702400000, 0x0000000702600000|  0%| F|  |TAMS 0x0000000702400000, 0x0000000702400000| Untracked 
|  19|0x0000000702600000, 0x0000000702600000, 0x0000000702800000|  0%| F|  |TAMS 0x0000000702600000, 0x0000000702600000| Untracked 
|  20|0x0000000702800000, 0x0000000702800000, 0x0000000702a00000|  0%| F|  |TAMS 0x0000000702800000, 0x0000000702800000| Untracked 
|  21|0x0000000702a00000, 0x0000000702a00000, 0x0000000702c00000|  0%| F|  |TAMS 0x0000000702a00000, 0x0000000702a00000| Untracked 
|  22|0x0000000702c00000, 0x0000000702c00000, 0x0000000702e00000|  0%| F|  |TAMS 0x0000000702c00000, 0x0000000702c00000| Untracked 
|  23|0x0000000702e00000, 0x0000000702e00000, 0x0000000703000000|  0%| F|  |TAMS 0x0000000702e00000, 0x0000000702e00000| Untracked 
|  24|0x0000000703000000, 0x00000007031ba660, 0x0000000703200000| 86%| S|CS|TAMS 0x0000000703000000, 0x0000000703000000| Complete 
|  25|0x0000000703200000, 0x0000000703200000, 0x0000000703400000|  0%| F|  |TAMS 0x0000000703200000, 0x0000000703200000| Untracked 
|  26|0x0000000703400000, 0x0000000703400000, 0x0000000703600000|  0%| F|  |TAMS 0x0000000703400000, 0x0000000703400000| Untracked 
|  27|0x0000000703600000, 0x0000000703600000, 0x0000000703800000|  0%| F|  |TAMS 0x0000000703600000, 0x0000000703600000| Untracked 
|  28|0x0000000703800000, 0x0000000703a00000, 0x0000000703a00000|100%| S|CS|TAMS 0x0000000703800000, 0x0000000703800000| Complete 
|  29|0x0000000703a00000, 0x0000000703a00000, 0x0000000703c00000|  0%| F|  |TAMS 0x0000000703a00000, 0x0000000703a00000| Untracked 
|  30|0x0000000703c00000, 0x0000000703c00000, 0x0000000703e00000|  0%| F|  |TAMS 0x0000000703c00000, 0x0000000703c00000| Untracked 
|  31|0x0000000703e00000, 0x0000000703e00000, 0x0000000704000000|  0%| F|  |TAMS 0x0000000703e00000, 0x0000000703e00000| Untracked 
|  32|0x0000000704000000, 0x0000000704000000, 0x0000000704200000|  0%| F|  |TAMS 0x0000000704000000, 0x0000000704000000| Untracked 
|  33|0x0000000704200000, 0x0000000704200000, 0x0000000704400000|  0%| F|  |TAMS 0x0000000704200000, 0x0000000704200000| Untracked 
|  34|0x0000000704400000, 0x0000000704400000, 0x0000000704600000|  0%| F|  |TAMS 0x0000000704400000, 0x0000000704400000| Untracked 
|  35|0x0000000704600000, 0x0000000704600000, 0x0000000704800000|  0%| F|  |TAMS 0x0000000704600000, 0x0000000704600000| Untracked 
|  36|0x0000000704800000, 0x00000007049d0bc0, 0x0000000704a00000| 90%| E|  |TAMS 0x0000000704800000, 0x0000000704800000| Complete 
|  37|0x0000000704a00000, 0x0000000704c00000, 0x0000000704c00000|100%| E|CS|TAMS 0x0000000704a00000, 0x0000000704a00000| Complete 
|  38|0x0000000704c00000, 0x0000000704e00000, 0x0000000704e00000|100%| E|CS|TAMS 0x0000000704c00000, 0x0000000704c00000| Complete 
|  39|0x0000000704e00000, 0x0000000705000000, 0x0000000705000000|100%| E|CS|TAMS 0x0000000704e00000, 0x0000000704e00000| Complete 
|  40|0x0000000705000000, 0x0000000705200000, 0x0000000705200000|100%| E|CS|TAMS 0x0000000705000000, 0x0000000705000000| Complete 
|  41|0x0000000705200000, 0x0000000705400000, 0x0000000705400000|100%| E|CS|TAMS 0x0000000705200000, 0x0000000705200000| Complete 
|  42|0x0000000705400000, 0x0000000705600000, 0x0000000705600000|100%| E|CS|TAMS 0x0000000705400000, 0x0000000705400000| Complete 
|  62|0x0000000707c00000, 0x0000000707e00000, 0x0000000707e00000|100%| E|CS|TAMS 0x0000000707c00000, 0x0000000707c00000| Complete 

Card table byte_map: [0x0000021679400000,0x0000021679c00000] _byte_map_base: 0x0000021675c00000

Marking Bits (Prev, Next): (CMBitMap*) 0x000002167675b570, (CMBitMap*) 0x000002167675b530
 Prev Bits: [0x0000021616a20000, 0x000002161aa20000)
 Next Bits: [0x000002167a400000, 0x000002167e400000)

Polling page: 0x0000021677fd0000

Metaspace:

Usage:
  Non-class:     45.89 MB used.
      Class:      7.64 MB used.
       Both:     53.53 MB used.

Virtual space:
  Non-class space:       48.00 MB reserved,      46.19 MB ( 96%) committed,  6 nodes.
      Class space:        1.00 GB reserved,       7.94 MB ( <1%) committed,  1 nodes.
             Both:        1.05 GB reserved,      54.12 MB (  5%) committed. 

Chunk freelists:
   Non-Class:  1.55 MB
       Class:  3.95 MB
        Both:  5.50 MB

MaxMetaspaceSize: 2.00 GB
CompressedClassSpaceSize: 1.00 GB
Initial GC threshold: 21.00 MB
Current GC threshold: 65.12 MB
CDS: on
MetaspaceReclaimPolicy: balanced
 - commit_granule_bytes: 65536.
 - commit_granule_words: 8192.
 - virtual_space_node_default_size: 1048576.
 - enlarge_chunks_in_place: 1.
 - new_chunks_are_fully_committed: 0.
 - uncommit_free_chunks: 1.
 - use_allocation_guard: 0.
 - handle_deallocations: 1.


Internal statistics:

num_allocs_failed_limit: 9.
num_arena_births: 698.
num_arena_deaths: 0.
num_vsnodes_births: 7.
num_vsnodes_deaths: 0.
num_space_committed: 866.
num_space_uncommitted: 0.
num_chunks_returned_to_freelist: 9.
num_chunks_taken_from_freelist: 2844.
num_chunk_merges: 9.
num_chunk_splits: 1910.
num_chunks_enlarged: 1310.
num_purges: 0.
num_inconsistent_stats: 0.

CodeHeap 'non-profiled nmethods': size=120000Kb used=3293Kb max_used=3293Kb free=116706Kb
 bounds [0x000002160f4f0000, 0x000002160f830000, 0x0000021616a20000]
CodeHeap 'profiled nmethods': size=120000Kb used=10551Kb max_used=10551Kb free=109448Kb
 bounds [0x0000021607fc0000, 0x0000021608a10000, 0x000002160f4f0000]
CodeHeap 'non-nmethods': size=5760Kb used=2361Kb max_used=2415Kb free=3398Kb
 bounds [0x0000021607a20000, 0x0000021607c90000, 0x0000021607fc0000]
 total_blobs=6065 nmethods=5196 adapters=780
 compilation: enabled
              stopped_count=0, restarted_count=0
 full_count=0

Compilation events (20 events):
Event: 16.020 Thread 0x000002167ee77630 nmethod 5952 0x0000021608a0a890 code [0x0000021608a0aa40, 0x0000021608a0ad18]
Event: 16.020 Thread 0x000002167ee77630 5953       3       java.util.stream.ReferencePipeline$Head::forEach (26 bytes)
Event: 16.021 Thread 0x000002167ee77630 nmethod 5953 0x0000021608a0ae90 code [0x0000021608a0b0c0, 0x0000021608a0b7f8]
Event: 16.021 Thread 0x000002167ee77630 5954       3       java.util.stream.AbstractPipeline::sourceStageSpliterator (112 bytes)
Event: 16.021 Thread 0x000002167ee77630 nmethod 5954 0x0000021608a0ba90 code [0x0000021608a0bca0, 0x0000021608a0c3b8]
Event: 16.021 Thread 0x000002167ee77630 5956       3       com.google.common.collect.ImmutableList::listIterator (14 bytes)
Event: 16.021 Thread 0x000002167ee77630 nmethod 5956 0x0000021608a0c610 code [0x0000021608a0c800, 0x0000021608a0cd78]
Event: 16.021 Thread 0x000002167ee77630 5958       1       java.util.Collections$EmptyMap::containsKey (2 bytes)
Event: 16.021 Thread 0x000002167ee77630 nmethod 5958 0x000002160f824d10 code [0x000002160f824ea0, 0x000002160f824f78]
Event: 16.021 Thread 0x000002167ee77630 5957       1       org.gradle.api.internal.artifacts.DefaultModuleIdentifier::getGroup (5 bytes)
Event: 16.021 Thread 0x000002167ee77630 nmethod 5957 0x000002160f825010 code [0x000002160f8251a0, 0x000002160f825278]
Event: 16.021 Thread 0x000002167ee77630 5961       3       java.util.stream.Collectors$$Lambda$64/0x0000000800c71968::accept (14 bytes)
Event: 16.022 Thread 0x000002167ee77630 nmethod 5961 0x0000021608a0cf90 code [0x0000021608a0d160, 0x0000021608a0d7a8]
Event: 16.022 Thread 0x000002167ee77630 5960       3       com.google.common.collect.Sets$SetView::<init> (5 bytes)
Event: 16.022 Thread 0x000002167ee77630 nmethod 5960 0x0000021608a0da10 code [0x0000021608a0dbc0, 0x0000021608a0ddf8]
Event: 16.022 Thread 0x000002167ee77630 5959       1       org.gradle.api.internal.artifacts.DefaultModuleIdentifier::getName (5 bytes)
Event: 16.022 Thread 0x000002167ee77630 nmethod 5959 0x000002160f825310 code [0x000002160f8254a0, 0x000002160f825578]
Event: 16.032 Thread 0x000002167ee5e270 nmethod 5951 0x000002160f825610 code [0x000002160f825820, 0x000002160f8264b0]
Event: 16.032 Thread 0x000002167ee5e270 5955       4       com.google.common.collect.RegularImmutableMap::checkNoConflictInKeyBucket (119 bytes)
Event: 16.034 Thread 0x000002167ee5e270 nmethod 5955 0x000002160f826a90 code [0x000002160f826c20, 0x000002160f826d98]

GC Heap History (20 events):
Event: 7.177 GC heap before
{Heap before GC invocations=5 (full 0):
 garbage-first heap   total 90112K, used 71509K [0x0000000700000000, 0x0000000800000000)
  region size 2048K, 26 young (53248K), 2 survivors (4096K)
 Metaspace       used 29416K, committed 29760K, reserved 1081344K
  class space    used 4234K, committed 4416K, reserved 1048576K
}
Event: 7.184 GC heap after
{Heap after GC invocations=6 (full 0):
 garbage-first heap   total 90112K, used 25431K [0x0000000700000000, 0x0000000800000000)
  region size 2048K, 4 young (8192K), 4 survivors (8192K)
 Metaspace       used 29416K, committed 29760K, reserved 1081344K
  class space    used 4234K, committed 4416K, reserved 1048576K
}
Event: 7.230 GC heap before
{Heap before GC invocations=6 (full 0):
 garbage-first heap   total 90112K, used 27479K [0x0000000700000000, 0x0000000800000000)
  region size 2048K, 5 young (10240K), 4 survivors (8192K)
 Metaspace       used 29804K, committed 30144K, reserved 1081344K
  class space    used 4278K, committed 4416K, reserved 1048576K
}
Event: 7.236 GC heap after
{Heap after GC invocations=7 (full 0):
 garbage-first heap   total 90112K, used 26153K [0x0000000700000000, 0x0000000800000000)
  region size 2048K, 1 young (2048K), 1 survivors (2048K)
 Metaspace       used 29804K, committed 30144K, reserved 1081344K
  class space    used 4278K, committed 4416K, reserved 1048576K
}
Event: 8.140 GC heap before
{Heap before GC invocations=7 (full 0):
 garbage-first heap   total 90112K, used 65065K [0x0000000700000000, 0x0000000800000000)
  region size 2048K, 19 young (38912K), 1 survivors (2048K)
 Metaspace       used 33044K, committed 33408K, reserved 1081344K
  class space    used 4584K, committed 4736K, reserved 1048576K
}
Event: 8.144 GC heap after
{Heap after GC invocations=8 (full 0):
 garbage-first heap   total 90112K, used 29036K [0x0000000700000000, 0x0000000800000000)
  region size 2048K, 2 young (4096K), 2 survivors (4096K)
 Metaspace       used 33044K, committed 33408K, reserved 1081344K
  class space    used 4584K, committed 4736K, reserved 1048576K
}
Event: 8.932 GC heap before
{Heap before GC invocations=8 (full 0):
 garbage-first heap   total 90112K, used 65900K [0x0000000700000000, 0x0000000800000000)
  region size 2048K, 20 young (40960K), 2 survivors (4096K)
 Metaspace       used 35086K, committed 35584K, reserved 1081344K
  class space    used 4889K, committed 5120K, reserved 1048576K
}
Event: 8.938 GC heap after
{Heap after GC invocations=9 (full 0):
 garbage-first heap   total 90112K, used 31368K [0x0000000700000000, 0x0000000800000000)
  region size 2048K, 2 young (4096K), 2 survivors (4096K)
 Metaspace       used 35086K, committed 35584K, reserved 1081344K
  class space    used 4889K, committed 5120K, reserved 1048576K
}
Event: 9.088 GC heap before
{Heap before GC invocations=9 (full 0):
 garbage-first heap   total 90112K, used 41608K [0x0000000700000000, 0x0000000800000000)
  region size 2048K, 9 young (18432K), 2 survivors (4096K)
 Metaspace       used 35552K, committed 35968K, reserved 1081344K
  class space    used 4902K, committed 5120K, reserved 1048576K
}
Event: 9.092 GC heap after
{Heap after GC invocations=10 (full 0):
 garbage-first heap   total 90112K, used 32151K [0x0000000700000000, 0x0000000800000000)
  region size 2048K, 2 young (4096K), 2 survivors (4096K)
 Metaspace       used 35552K, committed 35968K, reserved 1081344K
  class space    used 4902K, committed 5120K, reserved 1048576K
}
Event: 10.698 GC heap before
{Heap before GC invocations=11 (full 0):
 garbage-first heap   total 90112K, used 66967K [0x0000000700000000, 0x0000000800000000)
  region size 2048K, 20 young (40960K), 2 survivors (4096K)
 Metaspace       used 39464K, committed 40000K, reserved 1089536K
  class space    used 5552K, committed 5824K, reserved 1048576K
}
Event: 10.704 GC heap after
{Heap after GC invocations=12 (full 0):
 garbage-first heap   total 90112K, used 33691K [0x0000000700000000, 0x0000000800000000)
  region size 2048K, 2 young (4096K), 2 survivors (4096K)
 Metaspace       used 39464K, committed 40000K, reserved 1089536K
  class space    used 5552K, committed 5824K, reserved 1048576K
}
Event: 12.153 GC heap before
{Heap before GC invocations=13 (full 0):
 garbage-first heap   total 90112K, used 66459K [0x0000000700000000, 0x0000000800000000)
  region size 2048K, 18 young (36864K), 2 survivors (4096K)
 Metaspace       used 43455K, committed 44032K, reserved 1089536K
  class space    used 6174K, committed 6464K, reserved 1048576K
}
Event: 12.159 GC heap after
{Heap after GC invocations=14 (full 0):
 garbage-first heap   total 90112K, used 34730K [0x0000000700000000, 0x0000000800000000)
  region size 2048K, 2 young (4096K), 2 survivors (4096K)
 Metaspace       used 43455K, committed 44032K, reserved 1089536K
  class space    used 6174K, committed 6464K, reserved 1048576K
}
Event: 13.707 GC heap before
{Heap before GC invocations=14 (full 0):
 garbage-first heap   total 90112K, used 67498K [0x0000000700000000, 0x0000000800000000)
  region size 2048K, 19 young (38912K), 2 survivors (4096K)
 Metaspace       used 47068K, committed 47616K, reserved 1097728K
  class space    used 6703K, committed 6976K, reserved 1048576K
}
Event: 13.712 GC heap after
{Heap after GC invocations=15 (full 0):
 garbage-first heap   total 90112K, used 36107K [0x0000000700000000, 0x0000000800000000)
  region size 2048K, 2 young (4096K), 2 survivors (4096K)
 Metaspace       used 47068K, committed 47616K, reserved 1097728K
  class space    used 6703K, committed 6976K, reserved 1048576K
}
Event: 14.428 GC heap before
{Heap before GC invocations=15 (full 0):
 garbage-first heap   total 90112K, used 66827K [0x0000000700000000, 0x0000000800000000)
  region size 2048K, 18 young (36864K), 2 survivors (4096K)
 Metaspace       used 50096K, committed 50624K, reserved 1097728K
  class space    used 7069K, committed 7296K, reserved 1048576K
}
Event: 14.432 GC heap after
{Heap after GC invocations=16 (full 0):
 garbage-first heap   total 90112K, used 38002K [0x0000000700000000, 0x0000000800000000)
  region size 2048K, 3 young (6144K), 3 survivors (6144K)
 Metaspace       used 50096K, committed 50624K, reserved 1097728K
  class space    used 7069K, committed 7296K, reserved 1048576K
}
Event: 15.364 GC heap before
{Heap before GC invocations=16 (full 0):
 garbage-first heap   total 90112K, used 68722K [0x0000000700000000, 0x0000000800000000)
  region size 2048K, 18 young (36864K), 3 survivors (6144K)
 Metaspace       used 53466K, committed 54080K, reserved 1097728K
  class space    used 7582K, committed 7872K, reserved 1048576K
}
Event: 15.370 GC heap after
{Heap after GC invocations=17 (full 0):
 garbage-first heap   total 90112K, used 39650K [0x0000000700000000, 0x0000000800000000)
  region size 2048K, 2 young (4096K), 2 survivors (4096K)
 Metaspace       used 53466K, committed 54080K, reserved 1097728K
  class space    used 7582K, committed 7872K, reserved 1048576K
}

Dll operation events (14 events):
Event: 0.015 Loaded shared library C:\Program Files\Eclipse Adoptium\jdk-17.0.5.8-hotspot\bin\java.dll
Event: 0.028 Loaded shared library C:\Program Files\Eclipse Adoptium\jdk-17.0.5.8-hotspot\bin\jsvml.dll
Event: 0.114 Loaded shared library C:\Program Files\Eclipse Adoptium\jdk-17.0.5.8-hotspot\bin\zip.dll
Event: 0.119 Loaded shared library C:\Program Files\Eclipse Adoptium\jdk-17.0.5.8-hotspot\bin\instrument.dll
Event: 0.129 Loaded shared library C:\Program Files\Eclipse Adoptium\jdk-17.0.5.8-hotspot\bin\net.dll
Event: 0.131 Loaded shared library C:\Program Files\Eclipse Adoptium\jdk-17.0.5.8-hotspot\bin\nio.dll
Event: 0.139 Loaded shared library C:\Program Files\Eclipse Adoptium\jdk-17.0.5.8-hotspot\bin\zip.dll
Event: 0.391 Loaded shared library C:\Program Files\Eclipse Adoptium\jdk-17.0.5.8-hotspot\bin\jimage.dll
Event: 0.567 Loaded shared library C:\Program Files\Eclipse Adoptium\jdk-17.0.5.8-hotspot\bin\verify.dll
Event: 0.784 Loaded shared library C:\Users\Vinit Tambe\.gradle\native\68d5fa5c4cc2d200863cafc0d521ce42e7d3e7ee720ec0a83991735586a16f82\windows-amd64\native-platform.dll
Event: 0.793 Loaded shared library C:\Users\Vinit Tambe\.gradle\native\e376f236ea51e6404a007f0833ffe2c6e607c4080706a723a18a27aeea778392\windows-amd64\native-platform-file-events.dll
Event: 1.945 Loaded shared library C:\Program Files\Eclipse Adoptium\jdk-17.0.5.8-hotspot\bin\management.dll
Event: 1.954 Loaded shared library C:\Program Files\Eclipse Adoptium\jdk-17.0.5.8-hotspot\bin\management_ext.dll
Event: 2.514 Loaded shared library C:\Program Files\Eclipse Adoptium\jdk-17.0.5.8-hotspot\bin\sunmscapi.dll

Deoptimization events (20 events):
Event: 15.669 Thread 0x000002161e59b920 Uncommon trap: trap_request=0xffffff45 fr.pc=0x000002160f6e6b34 relative=0x0000000000000434
Event: 15.669 Thread 0x000002161e59b920 Uncommon trap: reason=unstable_if action=reinterpret pc=0x000002160f6e6b34 method=org.objectweb.asm.Type.getArgumentsAndReturnSizes(Ljava/lang/String;)I @ 117 c2
Event: 15.669 Thread 0x000002161e59b920 DEOPT PACKING pc=0x000002160f6e6b34 sp=0x000000d7478f6b60
Event: 15.669 Thread 0x000002161e59b920 DEOPT UNPACKING pc=0x0000021607a75ba3 sp=0x000000d7478f6ae0 mode 2
Event: 15.669 Thread 0x000002161e59b920 Uncommon trap: trap_request=0xffffff45 fr.pc=0x000002160f6077d4 relative=0x0000000000001dd4
Event: 15.669 Thread 0x000002161e59b920 Uncommon trap: reason=unstable_if action=reinterpret pc=0x000002160f6077d4 method=org.objectweb.asm.Type.getArgumentsAndReturnSizes(Ljava/lang/String;)I @ 117 c2
Event: 15.669 Thread 0x000002161e59b920 DEOPT PACKING pc=0x000002160f6077d4 sp=0x000000d7478f68d0
Event: 15.669 Thread 0x000002161e59b920 DEOPT UNPACKING pc=0x0000021607a75ba3 sp=0x000000d7478f6788 mode 2
Event: 15.669 Thread 0x000002161e59b920 Uncommon trap: trap_request=0xffffff45 fr.pc=0x000002160f770810 relative=0x0000000000000790
Event: 15.669 Thread 0x000002161e59b920 Uncommon trap: reason=unstable_if action=reinterpret pc=0x000002160f770810 method=org.objectweb.asm.Frame.getAbstractTypeFromDescriptor(Lorg/objectweb/asm/SymbolTable;Ljava/lang/String;I)I @ 5 c2
Event: 15.669 Thread 0x000002161e59b920 DEOPT PACKING pc=0x000002160f770810 sp=0x000000d7478f6750
Event: 15.669 Thread 0x000002161e59b920 DEOPT UNPACKING pc=0x0000021607a75ba3 sp=0x000000d7478f6710 mode 2
Event: 15.670 Thread 0x000002161e59b920 Uncommon trap: trap_request=0xffffff45 fr.pc=0x000002160f7d7c78 relative=0x00000000000003b8
Event: 15.670 Thread 0x000002161e59b920 Uncommon trap: reason=unstable_if action=reinterpret pc=0x000002160f7d7c78 method=org.objectweb.asm.MethodWriter.visitVarInsn(II)V @ 224 c2
Event: 15.670 Thread 0x000002161e59b920 DEOPT PACKING pc=0x000002160f7d7c78 sp=0x000000d7478f6b10
Event: 15.670 Thread 0x000002161e59b920 DEOPT UNPACKING pc=0x0000021607a75ba3 sp=0x000000d7478f6ab8 mode 2
Event: 15.670 Thread 0x000002161e59b920 Uncommon trap: trap_request=0xffffff45 fr.pc=0x000002160f677810 relative=0x00000000000049f0
Event: 15.670 Thread 0x000002161e59b920 Uncommon trap: reason=unstable_if action=reinterpret pc=0x000002160f677810 method=org.objectweb.asm.Type.getTypeInternal(Ljava/lang/String;II)Lorg/objectweb/asm/Type; @ 5 c2
Event: 15.670 Thread 0x000002161e59b920 DEOPT PACKING pc=0x000002160f677810 sp=0x000000d7478f6c90
Event: 15.670 Thread 0x000002161e59b920 DEOPT UNPACKING pc=0x0000021607a75ba3 sp=0x000000d7478f6ac0 mode 2

Classes unloaded (0 events):
No events

Classes redefined (0 events):
No events

Internal exceptions (20 events):
Event: 14.357 Thread 0x000002161e59b920 Exception <a 'java/lang/ClassNotFoundException'{0x0000000703babe38}: org/gradle/api/internal/plugins/DefaultPluginContainerCustomizer> (0x0000000703babe38) 
thrown [s\src\hotspot\share\classfile\systemDictionary.cpp, line 256]
Event: 14.376 Thread 0x000002161e59b920 Exception <a 'java/lang/ClassNotFoundException'{0x0000000703828d60}: GradleAnnotationProcessorPatchPluginBeanInfo> (0x0000000703828d60) 
thrown [s\src\hotspot\share\classfile\systemDictionary.cpp, line 256]
Event: 14.377 Thread 0x000002161e59b920 Exception <a 'java/lang/ClassNotFoundException'{0x00000007038361e0}: GradleAnnotationProcessorPatchPluginCustomizer> (0x00000007038361e0) 
thrown [s\src\hotspot\share\classfile\systemDictionary.cpp, line 256]
Event: 14.381 Thread 0x000002161e59b920 Exception <a 'java/lang/ClassNotFoundException'{0x0000000703867580}: GradleAnnotationProcessorPatchPlugin$AnnotationProcessorModelBuilderBeanInfo> (0x0000000703867580) 
thrown [s\src\hotspot\share\classfile\systemDictionary.cpp, line 256]
Event: 14.381 Thread 0x000002161e59b920 Exception <a 'java/lang/ClassNotFoundException'{0x00000007038748e0}: GradleAnnotationProcessorPatchPlugin$AnnotationProcessorModelBuilderCustomizer> (0x00000007038748e0) 
thrown [s\src\hotspot\share\classfile\systemDictionary.cpp, line 256]
Event: 14.396 Thread 0x000002161e59b920 Exception <a 'java/lang/ClassNotFoundException'{0x00000007038ec198}: org/gradle/tooling/provider/model/internal/DefaultToolingModelBuilderRegistryBeanInfo> (0x00000007038ec198) 
thrown [s\src\hotspot\share\classfile\systemDictionary.cpp, line 256]
Event: 14.397 Thread 0x000002161e59b920 Exception <a 'java/lang/ClassNotFoundException'{0x0000000703906530}: org/gradle/tooling/provider/model/internal/DefaultToolingModelBuilderRegistryCustomizer> (0x0000000703906530) 
thrown [s\src\hotspot\share\classfile\systemDictionary.cpp, line 256]
Event: 14.438 Thread 0x000002161e59b920 Exception <a 'java/lang/NoSuchMethodError'{0x0000000707c1d760}: 'long java.lang.invoke.DirectMethodHandle$Holder.invokeVirtual(java.lang.Object, java.lang.Object)'> (0x0000000707c1d760) 
thrown [s\src\hotspot\share\interpreter\linkResolver.cpp, line 759]
Event: 14.455 Thread 0x000002161e59d130 Exception <a 'java/lang/NoSuchMethodError'{0x0000000707caa4c8}: static Lorg/gradle/internal/build/event/types/DefaultProjectConfigurationSuccessResult;.<clinit>()V> (0x0000000707caa4c8) 
thrown [s\src\hotspot\share\prims\jni.cpp, line 1107]
Event: 14.455 Thread 0x000002161e59d130 Exception <a 'java/lang/NoSuchMethodError'{0x0000000707cab7f0}: static Lorg/gradle/internal/build/event/types/AbstractProjectConfigurationResult;.<clinit>()V> (0x0000000707cab7f0) 
thrown [s\src\hotspot\share\prims\jni.cpp, line 1107]
Event: 14.457 Thread 0x000002161e59d130 Exception <a 'java/lang/NoSuchMethodError'{0x0000000707ccd658}: static Lorg/gradle/internal/build/event/types/DefaultPluginApplicationResult;.<clinit>()V> (0x0000000707ccd658) 
thrown [s\src\hotspot\share\prims\jni.cpp, line 1107]
Event: 14.458 Thread 0x000002161e59d130 Exception <a 'java/lang/NoSuchMethodError'{0x0000000707cd8dd8}: static Lorg/gradle/internal/build/event/types/DefaultBinaryPluginIdentifier;.<clinit>()V> (0x0000000707cd8dd8) 
thrown [s\src\hotspot\share\prims\jni.cpp, line 1107]
Event: 14.464 Thread 0x000002161e59d130 Exception <a 'java/lang/NoSuchMethodError'{0x0000000707d7fbb8}: static Lorg/gradle/internal/build/event/types/DefaultScriptPluginIdentifier;.<clinit>()V> (0x0000000707d7fbb8) 
thrown [s\src\hotspot\share\prims\jni.cpp, line 1107]
Event: 14.845 Thread 0x000002161e59b920 Exception <a 'java/lang/NoSuchMethodError'{0x0000000704b178f0}: 'void java.lang.invoke.DirectMethodHandle$Holder.invokeSpecial(java.lang.Object, java.lang.Object, java.lang.Object, java.lang.Object, java.lang.Object, java.lang.Object, java.lang.Object, java.lang.Object, java.lang.Object)'> (0x0000000704b178f0) 
thrown [s\src\hotspot\share\interpreter\linkResolver.cpp, line 759]
Event: 14.943 Thread 0x000002161e59b920 Exception <a 'java/lang/NoSuchMethodError'{0x0000000704935da8}: 'int java.lang.invoke.DirectMethodHandle$Holder.invokeSpecialIFC(java.lang.Object, java.lang.Object, java.lang.Object)'> (0x0000000704935da8) 
thrown [s\src\hotspot\share\interpreter\linkResolver.cpp, line 759]
Event: 15.080 Thread 0x000002161e59b920 Exception <a 'java/lang/NoSuchMethodError'{0x00000007044c3450}: 'int java.lang.invoke.DirectMethodHandle$Holder.invokeStatic(java.lang.Object)'> (0x00000007044c3450) 
thrown [s\src\hotspot\share\interpreter\linkResolver.cpp, line 759]
Event: 15.081 Thread 0x000002161e59b920 Exception <a 'java/lang/NoSuchMethodError'{0x00000007044c77f8}: 'int java.lang.invoke.DirectMethodHandle$Holder.invokeStaticInit(java.lang.Object)'> (0x00000007044c77f8) 
thrown [s\src\hotspot\share\interpreter\linkResolver.cpp, line 759]
Event: 15.095 Thread 0x000002161e59b920 Exception <a 'java/lang/NoSuchMethodError'{0x000000070455caf0}: 'java.lang.Object java.lang.invoke.DirectMethodHandle$Holder.newInvokeSpecial(java.lang.Object, java.lang.Object, java.lang.Object, java.lang.Object, java.lang.Object, int)'> (0x000000070455caf0) 
thrown [s\src\hotspot\share\interpreter\linkResolver.cpp, line 759]
Event: 15.095 Thread 0x000002161e59b920 Exception <a 'java/lang/NoSuchMethodError'{0x0000000704561f00}: 'java.lang.Object java.lang.invoke.DirectMethodHandle$Holder.invokeSpecial(java.lang.Object, java.lang.Object, java.lang.Object, java.lang.Object, java.lang.Object, java.lang.Object, int)'> (0x0000000704561f00) 
thrown [s\src\hotspot\share\interpreter\linkResolver.cpp, line 759]
Event: 15.108 Thread 0x000002161e59b920 Exception <a 'java/lang/NoSuchMethodError'{0x00000007042279f0}: 'void java.lang.invoke.DirectMethodHandle$Holder.invokeStatic(java.lang.Object, java.lang.Object, java.lang.Object, int, java.lang.Object)'> (0x00000007042279f0) 
thrown [s\src\hotspot\share\interpreter\linkResolver.cpp, line 759]

VM Operations (20 events):
Event: 13.514 Executing VM operation: Cleanup
Event: 13.514 Executing VM operation: Cleanup done
Event: 13.707 Executing VM operation: G1CollectForAllocation
Event: 13.712 Executing VM operation: G1CollectForAllocation done
Event: 14.261 Executing VM operation: ICBufferFull
Event: 14.261 Executing VM operation: ICBufferFull done
Event: 14.338 Executing VM operation: HandshakeAllThreads
Event: 14.338 Executing VM operation: HandshakeAllThreads done
Event: 14.428 Executing VM operation: G1CollectForAllocation
Event: 14.432 Executing VM operation: G1CollectForAllocation done
Event: 14.446 Executing VM operation: HandshakeAllThreads
Event: 14.446 Executing VM operation: HandshakeAllThreads done
Event: 14.475 Executing VM operation: HandshakeAllThreads
Event: 14.476 Executing VM operation: HandshakeAllThreads done
Event: 14.952 Executing VM operation: HandshakeAllThreads
Event: 14.953 Executing VM operation: HandshakeAllThreads done
Event: 15.011 Executing VM operation: HandshakeAllThreads
Event: 15.012 Executing VM operation: HandshakeAllThreads done
Event: 15.363 Executing VM operation: G1CollectForAllocation
Event: 15.370 Executing VM operation: G1CollectForAllocation done

Events (20 events):
Event: 14.440 loading class java/util/stream/SortedOps done
Event: 14.440 loading class java/util/stream/SortedOps$OfRef
Event: 14.443 loading class java/util/stream/SortedOps$OfRef done
Event: 14.449 loading class java/util/stream/SortedOps$RefSortingSink
Event: 14.449 loading class java/util/stream/SortedOps$AbstractRefSortingSink
Event: 14.449 loading class java/util/stream/SortedOps$AbstractRefSortingSink done
Event: 14.449 loading class java/util/stream/SortedOps$RefSortingSink done
Event: 14.460 loading class java/time/Ser
Event: 14.462 loading class java/time/Ser done
Event: 14.476 loading class java/util/Stack
Event: 14.477 loading class java/util/Stack done
Event: 14.545 loading class java/lang/AbstractMethodError
Event: 14.545 loading class java/lang/AbstractMethodError done
Event: 14.598 loading class java/io/DeleteOnExitHook
Event: 14.600 loading class java/io/DeleteOnExitHook done
Event: 14.600 loading class java/io/DeleteOnExitHook$1
Event: 14.600 loading class java/io/DeleteOnExitHook$1 done
Event: 15.170 Thread 0x000002162069c040 Thread added: 0x000002162069c040
Event: 15.199 loading class java/util/Comparators$NaturalOrderComparator
Event: 15.200 loading class java/util/Comparators$NaturalOrderComparator done


Dynamic libraries:
0x00007ff74d7d0000 - 0x00007ff74d7de000 	C:\Program Files\Eclipse Adoptium\jdk-17.0.5.8-hotspot\bin\java.exe
0x00007ffe0ae10000 - 0x00007ffe0b027000 	C:\WINDOWS\SYSTEM32\ntdll.dll
0x00007ffe0a0a0000 - 0x00007ffe0a164000 	C:\WINDOWS\System32\KERNEL32.DLL
0x00007ffe08790000 - 0x00007ffe08b3d000 	C:\WINDOWS\System32\KERNELBASE.dll
0x00007ffe08670000 - 0x00007ffe08781000 	C:\WINDOWS\System32\ucrtbase.dll
0x00007ffe000a0000 - 0x00007ffe000b9000 	C:\Program Files\Eclipse Adoptium\jdk-17.0.5.8-hotspot\bin\VCRUNTIME140.dll
0x00007ffdff5a0000 - 0x00007ffdff5b7000 	C:\Program Files\Eclipse Adoptium\jdk-17.0.5.8-hotspot\bin\jli.dll
0x00007ffe09ef0000 - 0x00007ffe0a09e000 	C:\WINDOWS\System32\USER32.dll
0x00007ffe08640000 - 0x00007ffe08666000 	C:\WINDOWS\System32\win32u.dll
0x00007ffde14b0000 - 0x00007ffde1743000 	C:\WINDOWS\WinSxS\amd64_microsoft.windows.common-controls_6595b64144ccf1df_6.0.22621.3672_none_2713b9d173822955\COMCTL32.dll
0x00007ffe0a170000 - 0x00007ffe0a217000 	C:\WINDOWS\System32\msvcrt.dll
0x00007ffe0a7f0000 - 0x00007ffe0a819000 	C:\WINDOWS\System32\GDI32.dll
0x00007ffe08130000 - 0x00007ffe08249000 	C:\WINDOWS\System32\gdi32full.dll
0x00007ffe08520000 - 0x00007ffe085ba000 	C:\WINDOWS\System32\msvcp_win.dll
0x00007ffe08db0000 - 0x00007ffe08de1000 	C:\WINDOWS\System32\IMM32.DLL
0x00007ffe01e20000 - 0x00007ffe01e2c000 	C:\Program Files\Eclipse Adoptium\jdk-17.0.5.8-hotspot\bin\vcruntime140_1.dll
0x00007ffdb7300000 - 0x00007ffdb7391000 	C:\Program Files\Eclipse Adoptium\jdk-17.0.5.8-hotspot\bin\msvcp140.dll
0x00007ffd9fb40000 - 0x00007ffda0784000 	C:\Program Files\Eclipse Adoptium\jdk-17.0.5.8-hotspot\bin\server\jvm.dll
0x00007ffe0a450000 - 0x00007ffe0a502000 	C:\WINDOWS\System32\ADVAPI32.dll
0x00007ffe0a290000 - 0x00007ffe0a339000 	C:\WINDOWS\System32\sechost.dll
0x00007ffe08430000 - 0x00007ffe08458000 	C:\WINDOWS\System32\bcrypt.dll
0x00007ffe0a6d0000 - 0x00007ffe0a7e4000 	C:\WINDOWS\System32\RPCRT4.dll
0x00007ffe01a80000 - 0x00007ffe01ab4000 	C:\WINDOWS\SYSTEM32\WINMM.dll
0x00007ffdf3160000 - 0x00007ffdf3169000 	C:\WINDOWS\SYSTEM32\WSOCK32.dll
0x00007ffe00080000 - 0x00007ffe0008a000 	C:\WINDOWS\SYSTEM32\VERSION.dll
0x00007ffe09090000 - 0x00007ffe09101000 	C:\WINDOWS\System32\WS2_32.dll
0x00007ffe07210000 - 0x00007ffe07228000 	C:\WINDOWS\SYSTEM32\kernel.appcore.dll
0x00007ffe014f0000 - 0x00007ffe014fa000 	C:\Program Files\Eclipse Adoptium\jdk-17.0.5.8-hotspot\bin\jimage.dll
0x00007ffe05990000 - 0x00007ffe05bc2000 	C:\WINDOWS\SYSTEM32\DBGHELP.DLL
0x00007ffe09110000 - 0x00007ffe0949d000 	C:\WINDOWS\System32\combase.dll
0x00007ffe08fb0000 - 0x00007ffe09087000 	C:\WINDOWS\System32\OLEAUT32.dll
0x00007ffdfbc00000 - 0x00007ffdfbc32000 	C:\WINDOWS\SYSTEM32\dbgcore.DLL
0x00007ffe085c0000 - 0x00007ffe0863b000 	C:\WINDOWS\System32\bcryptPrimitives.dll
0x00007ffdfc430000 - 0x00007ffdfc43e000 	C:\Program Files\Eclipse Adoptium\jdk-17.0.5.8-hotspot\bin\instrument.dll
0x00007ffdd49f0000 - 0x00007ffdd4a15000 	C:\Program Files\Eclipse Adoptium\jdk-17.0.5.8-hotspot\bin\java.dll
0x00007ffdb6690000 - 0x00007ffdb6766000 	C:\Program Files\Eclipse Adoptium\jdk-17.0.5.8-hotspot\bin\jsvml.dll
0x00007ffe09670000 - 0x00007ffe09ed8000 	C:\WINDOWS\System32\SHELL32.dll
0x00007ffe06030000 - 0x00007ffe0692e000 	C:\WINDOWS\SYSTEM32\windows.storage.dll
0x00007ffe05ef0000 - 0x00007ffe0602f000 	C:\WINDOWS\SYSTEM32\wintypes.dll
0x00007ffe09520000 - 0x00007ffe09619000 	C:\WINDOWS\System32\SHCORE.dll
0x00007ffe0a3f0000 - 0x00007ffe0a44e000 	C:\WINDOWS\System32\shlwapi.dll
0x00007ffe08060000 - 0x00007ffe08081000 	C:\WINDOWS\SYSTEM32\profapi.dll
0x00007ffde4860000 - 0x00007ffde4878000 	C:\Program Files\Eclipse Adoptium\jdk-17.0.5.8-hotspot\bin\zip.dll
0x00007ffde2b40000 - 0x00007ffde2b59000 	C:\Program Files\Eclipse Adoptium\jdk-17.0.5.8-hotspot\bin\net.dll
0x00007ffe03800000 - 0x00007ffe03936000 	C:\WINDOWS\SYSTEM32\WINHTTP.dll
0x00007ffe07680000 - 0x00007ffe076e9000 	C:\WINDOWS\system32\mswsock.dll
0x00007ffdccc30000 - 0x00007ffdccc45000 	C:\Program Files\Eclipse Adoptium\jdk-17.0.5.8-hotspot\bin\nio.dll
0x00007ffdecc10000 - 0x00007ffdecc20000 	C:\Program Files\Eclipse Adoptium\jdk-17.0.5.8-hotspot\bin\verify.dll
0x00007ffdcf380000 - 0x00007ffdcf3a7000 	C:\Users\Vinit Tambe\.gradle\native\68d5fa5c4cc2d200863cafc0d521ce42e7d3e7ee720ec0a83991735586a16f82\windows-amd64\native-platform.dll
0x00007ffdb4920000 - 0x00007ffdb4a64000 	C:\Users\Vinit Tambe\.gradle\native\e376f236ea51e6404a007f0833ffe2c6e607c4080706a723a18a27aeea778392\windows-amd64\native-platform-file-events.dll
0x00007ffdec560000 - 0x00007ffdec569000 	C:\Program Files\Eclipse Adoptium\jdk-17.0.5.8-hotspot\bin\management.dll
0x00007ffdebb30000 - 0x00007ffdebb3b000 	C:\Program Files\Eclipse Adoptium\jdk-17.0.5.8-hotspot\bin\management_ext.dll
0x00007ffe0a510000 - 0x00007ffe0a518000 	C:\WINDOWS\System32\PSAPI.DLL
0x00007ffe07900000 - 0x00007ffe0791b000 	C:\WINDOWS\SYSTEM32\CRYPTSP.dll
0x00007ffe07170000 - 0x00007ffe071a5000 	C:\WINDOWS\system32\rsaenh.dll
0x00007ffe07760000 - 0x00007ffe07788000 	C:\WINDOWS\SYSTEM32\USERENV.dll
0x00007ffe07920000 - 0x00007ffe0792c000 	C:\WINDOWS\SYSTEM32\CRYPTBASE.dll
0x00007ffe06c00000 - 0x00007ffe06c2d000 	C:\WINDOWS\SYSTEM32\IPHLPAPI.DLL
0x00007ffe0a220000 - 0x00007ffe0a229000 	C:\WINDOWS\System32\NSI.dll
0x00007ffe03380000 - 0x00007ffe03399000 	C:\WINDOWS\SYSTEM32\dhcpcsvc6.DLL
0x00007ffe032b0000 - 0x00007ffe032cf000 	C:\WINDOWS\SYSTEM32\dhcpcsvc.DLL
0x00007ffe06c30000 - 0x00007ffe06d28000 	C:\WINDOWS\SYSTEM32\DNSAPI.dll
0x00007ffde8f10000 - 0x00007ffde8f1e000 	C:\Program Files\Eclipse Adoptium\jdk-17.0.5.8-hotspot\bin\sunmscapi.dll
0x00007ffe082c0000 - 0x00007ffe08427000 	C:\WINDOWS\System32\CRYPT32.dll
0x00007ffe07ae0000 - 0x00007ffe07b0e000 	C:\WINDOWS\SYSTEM32\ncrypt.dll
0x00007ffe07aa0000 - 0x00007ffe07ad7000 	C:\WINDOWS\SYSTEM32\NTASN1.dll
0x00007ffde7150000 - 0x00007ffde7158000 	C:\WINDOWS\system32\wshunix.dll

dbghelp: loaded successfully - version: 4.0.5 - missing functions: none
symbol engine: initialized successfully - sym options: 0x614 - pdb path: .;C:\Program Files\Eclipse Adoptium\jdk-17.0.5.8-hotspot\bin;C:\WINDOWS\SYSTEM32;C:\WINDOWS\WinSxS\amd64_microsoft.windows.common-controls_6595b64144ccf1df_6.0.22621.3672_none_2713b9d173822955;C:\Program Files\Eclipse Adoptium\jdk-17.0.5.8-hotspot\bin\server;C:\Users\Vinit Tambe\.gradle\native\68d5fa5c4cc2d200863cafc0d521ce42e7d3e7ee720ec0a83991735586a16f82\windows-amd64;C:\Users\Vinit Tambe\.gradle\native\e376f236ea51e6404a007f0833ffe2c6e607c4080706a723a18a27aeea778392\windows-amd64

VM Arguments:
jvm_args: -XX:MaxMetaspaceSize=2G -XX:+HeapDumpOnOutOfMemoryError --add-opens=java.base/java.util=ALL-UNNAMED --add-opens=java.base/java.lang=ALL-UNNAMED --add-opens=java.base/java.lang.invoke=ALL-UNNAMED --add-opens=java.prefs/java.util.prefs=ALL-UNNAMED --add-opens=java.base/java.nio.charset=ALL-UNNAMED --add-opens=java.base/java.net=ALL-UNNAMED --add-opens=java.base/java.util.concurrent.atomic=ALL-UNNAMED -Xmx4G -Dfile.encoding=utf8 -Duser.country=IN -Duser.language=en -Duser.variant -javaagent:C:\Users\Vinit Tambe\.gradle\wrapper\dists\gradle-8.3-all\6en3ugtfdg5xnpx44z4qbwgas\gradle-8.3\lib\agents\gradle-instrumentation-agent-8.3.jar 
java_command: org.gradle.launcher.daemon.bootstrap.GradleDaemon 8.3
java_class_path (initial): C:\Users\Vinit Tambe\.gradle\wrapper\dists\gradle-8.3-all\6en3ugtfdg5xnpx44z4qbwgas\gradle-8.3\lib\gradle-launcher-8.3.jar
Launcher Type: SUN_STANDARD

[Global flags]
     intx CICompilerCount                          = 4                                         {product} {ergonomic}
     uint ConcGCThreads                            = 2                                         {product} {ergonomic}
     uint G1ConcRefinementThreads                  = 8                                         {product} {ergonomic}
   size_t G1HeapRegionSize                         = 2097152                                   {product} {ergonomic}
    uintx GCDrainStackTargetSize                   = 64                                        {product} {ergonomic}
     bool HeapDumpOnOutOfMemoryError               = true                                   {manageable} {command line}
   size_t InitialHeapSize                          = 132120576                                 {product} {ergonomic}
   size_t MarkStackSize                            = 4194304                                   {product} {ergonomic}
   size_t MaxHeapSize                              = 4294967296                                {product} {command line}
   size_t MaxMetaspaceSize                         = 2147483648                                {product} {command line}
   size_t MaxNewSize                               = 2575302656                                {product} {ergonomic}
   size_t MinHeapDeltaBytes                        = 2097152                                   {product} {ergonomic}
   size_t MinHeapSize                              = 8388608                                   {product} {ergonomic}
    uintx NonNMethodCodeHeapSize                   = 5839372                                {pd product} {ergonomic}
    uintx NonProfiledCodeHeapSize                  = 122909434                              {pd product} {ergonomic}
    uintx ProfiledCodeHeapSize                     = 122909434                              {pd product} {ergonomic}
    uintx ReservedCodeCacheSize                    = 251658240                              {pd product} {ergonomic}
     bool SegmentedCodeCache                       = true                                      {product} {ergonomic}
   size_t SoftMaxHeapSize                          = 4294967296                             {manageable} {ergonomic}
     bool UseCompressedClassPointers               = true                           {product lp64_product} {ergonomic}
     bool UseCompressedOops                        = true                           {product lp64_product} {ergonomic}
     bool UseG1GC                                  = true                                      {product} {ergonomic}
     bool UseLargePagesIndividualAllocation        = false                                  {pd product} {ergonomic}

Logging:
Log output configuration:
 #0: stdout all=warning uptime,level,tags
 #1: stderr all=off uptime,level,tags

Environment Variables:
PATH=C:\Program Files\Eclipse Adoptium\jdk-17.0.5.8-hotspot\bin;C:\Windows\system32;C:\Windows;C:\Windows\System32\Wbem;C:\Windows\System32\WindowsPowerShell\v1.0\;C:\Windows\System32\OpenSSH\;C:\Program Files (x86)\NVIDIA Corporation\PhysX\Common;C:\Program Files\NVIDIA Corporation\NVIDIA NvDLISR;C:\WINDOWS\system32;C:\WINDOWS;C:\WINDOWS\System32\Wbem;C:\WINDOWS\System32\WindowsPowerShell\v1.0\;C:\WINDOWS\System32\OpenSSH\;C:\Program Files\nodejs\;C:\Program Files\Git\cmd;C:\Program Files (x86)\Windows Kits\10\Windows Performance Toolkit\;C:\Program Files\MySQL\MySQL Shell 8.0\bin\;C:\Users\Vinit Tambe\AppData\Local\Programs\Python\Python311\Scripts\;C:\Users\Vinit Tambe\AppData\Local\Programs\Python\Python311\;C:\Users\Vinit Tambe\AppData\Local\Microsoft\WindowsApps;C:\Users\Vinit Tambe\AppData\Local\Programs\Microsoft VS Code\bin;C:\Users\Vinit Tambe\AppData\Roaming\npm;C:\Users\Vinit Tambe\Desktop\Vinit Tambe\IntelliJ IDEA Educational Edition 2022.2.2\bin;;C:\flutter\bin;C:\Users\Vinit Tambe\AppData\Local\Pub\Cache\bin;C:\Users\Vinit Tambe\Desktop\dartsdk-windows-x64-release\dart-sdk\bin;C:\Users\Vinit Tambe\AppData\Roaming\npm;
USERNAME=Vinit Tambe
OS=Windows_NT
PROCESSOR_IDENTIFIER=Intel64 Family 6 Model 140 Stepping 2, GenuineIntel
TMP=C:\Users\VINITT~1\AppData\Local\Temp
TEMP=C:\Users\VINITT~1\AppData\Local\Temp



---------------  S Y S T E M  ---------------

OS:
 Windows 11 , 64 bit Build 22621 (10.0.22621.3958)
OS uptime: 13 days 21:29 hours
Hyper-V role detected

CPU: total 8 (initial active 8) (4 cores per cpu, 2 threads per core) family 6 model 140 stepping 2 microcode 0x26, cx8, cmov, fxsr, ht, mmx, 3dnowpref, sse, sse2, sse3, ssse3, sse4.1, sse4.2, popcnt, lzcnt, tsc, tscinvbit, avx, avx2, aes, erms, clmul, bmi1, bmi2, adx, avx512f, avx512dq, avx512cd, avx512bw, avx512vl, sha, fma, vzeroupper, avx512_vpopcntdq, avx512_vpclmulqdq, avx512_vaes, avx512_vnni, clflush, clflushopt, clwb, avx512_vbmi2, avx512_vbmi, hv

Memory: 4k page, system-wide physical 7975M (425M free)
TotalPageFile size 21075M (AvailPageFile size 6M)
current process WorkingSet (physical memory assigned to process): 270M, peak: 277M
current process commit charge ("private bytes"): 310M, peak: 317M

vm_info: OpenJDK 64-Bit Server VM (17.0.5+8) for windows-amd64 JRE (17.0.5+8), built on Oct 19 2022 04:48:13 by "temurin" with MS VC++ 16.7 (VS2019)

END.
